2021-06-19 00:18:33.376  INFO 12040 --- [main] .s.d.r.c.RepositoryConfigurationDelegate : Bootstrapping Spring Data JPA repositories in DEFAULT mode.
2021-06-19 00:18:33.490  INFO 12040 --- [main] .s.d.r.c.RepositoryConfigurationDelegate : Finished Spring Data repository scanning in 89 ms. Found 4 JPA repository interfaces.
2021-06-19 00:18:34.260  INFO 12040 --- [main] o.s.b.w.embedded.tomcat.TomcatWebServer  : Tomcat initialized with port(s): 3456 (http)
2021-06-19 00:18:34.269  INFO 12040 --- [main] o.apache.catalina.core.StandardService   : Starting service [Tomcat]
2021-06-19 00:18:34.270  INFO 12040 --- [main] org.apache.catalina.core.StandardEngine  : Starting Servlet engine: [Apache Tomcat/9.0.46]
2021-06-19 00:18:34.739  INFO 12040 --- [main] o.a.c.c.C.[Tomcat].[localhost].[/]       : Initializing Spring embedded WebApplicationContext
2021-06-19 00:18:34.743  INFO 12040 --- [main] w.s.c.ServletWebServerApplicationContext : Root WebApplicationContext: initialization completed in 2053 ms
2021-06-19 00:18:34.848  INFO 12040 --- [main] com.zaxxer.hikari.HikariDataSource       : HikariPool-1 - Starting...
2021-06-19 00:18:35.178  INFO 12040 --- [main] com.zaxxer.hikari.HikariDataSource       : HikariPool-1 - Start completed.
2021-06-19 00:18:35.324  INFO 12040 --- [main] o.hibernate.jpa.internal.util.LogHelper  : HHH000204: Processing PersistenceUnitInfo [name: default]
2021-06-19 00:18:35.396  INFO 12040 --- [main] org.hibernate.Version                    : HHH000412: Hibernate ORM core version 5.4.32.Final
2021-06-19 00:18:35.545  INFO 12040 --- [main] o.hibernate.annotations.common.Version   : HCANN000001: Hibernate Commons Annotations {5.1.2.Final}
2021-06-19 00:18:35.698  INFO 12040 --- [main] org.hibernate.dialect.Dialect            : HHH000400: Using dialect: org.hibernate.dialect.MySQL57Dialect
2021-06-19 00:18:37.294  INFO 12040 --- [main] o.h.e.t.j.p.i.JtaPlatformInitiator       : HHH000490: Using JtaPlatform implementation: [org.hibernate.engine.transaction.jta.platform.internal.NoJtaPlatform]
2021-06-19 00:18:37.305  INFO 12040 --- [main] j.LocalContainerEntityManagerFactoryBean : Initialized JPA EntityManagerFactory for persistence unit 'default'
2021-06-19 00:18:37.897  WARN 12040 --- [main] JpaBaseConfiguration$JpaWebConfiguration : spring.jpa.open-in-view is enabled by default. Therefore, database queries may be performed during view rendering. Explicitly configure spring.jpa.open-in-view to disable this warning
2021-06-19 00:18:38.324  INFO 12040 --- [main] o.s.b.w.embedded.tomcat.TomcatWebServer  : Tomcat started on port(s): 3456 (http) with context path ''
2021-06-19 00:20:49.516  INFO 12040 --- [http-nio-3456-exec-2] o.a.c.c.C.[Tomcat].[localhost].[/]       : Initializing Spring DispatcherServlet 'dispatcherServlet'
2021-06-19 00:20:49.517  INFO 12040 --- [http-nio-3456-exec-2] o.s.web.servlet.DispatcherServlet        : Initializing Servlet 'dispatcherServlet'
2021-06-19 00:20:49.518  INFO 12040 --- [http-nio-3456-exec-2] o.s.web.servlet.DispatcherServlet        : Completed initialization in 1 ms
2021-06-19 00:25:22.382  INFO 18256 --- [main] .s.d.r.c.RepositoryConfigurationDelegate : Bootstrapping Spring Data JPA repositories in DEFAULT mode.
2021-06-19 00:25:22.494  INFO 18256 --- [main] .s.d.r.c.RepositoryConfigurationDelegate : Finished Spring Data repository scanning in 98 ms. Found 4 JPA repository interfaces.
2021-06-19 00:25:23.419  INFO 18256 --- [main] o.s.b.w.embedded.tomcat.TomcatWebServer  : Tomcat initialized with port(s): 3456 (http)
2021-06-19 00:25:23.432  INFO 18256 --- [main] o.apache.catalina.core.StandardService   : Starting service [Tomcat]
2021-06-19 00:25:23.433  INFO 18256 --- [main] org.apache.catalina.core.StandardEngine  : Starting Servlet engine: [Apache Tomcat/9.0.46]
2021-06-19 00:25:23.598  INFO 18256 --- [main] o.a.c.c.C.[Tomcat].[localhost].[/]       : Initializing Spring embedded WebApplicationContext
2021-06-19 00:25:23.598  INFO 18256 --- [main] w.s.c.ServletWebServerApplicationContext : Root WebApplicationContext: initialization completed in 2367 ms
2021-06-19 00:25:23.757  INFO 18256 --- [main] com.zaxxer.hikari.HikariDataSource       : HikariPool-1 - Starting...
2021-06-19 00:25:24.004  INFO 18256 --- [main] com.zaxxer.hikari.HikariDataSource       : HikariPool-1 - Start completed.
2021-06-19 00:25:24.179  INFO 18256 --- [main] o.hibernate.jpa.internal.util.LogHelper  : HHH000204: Processing PersistenceUnitInfo [name: default]
2021-06-19 00:25:24.268  INFO 18256 --- [main] org.hibernate.Version                    : HHH000412: Hibernate ORM core version 5.4.32.Final
2021-06-19 00:25:24.436  INFO 18256 --- [main] o.hibernate.annotations.common.Version   : HCANN000001: Hibernate Commons Annotations {5.1.2.Final}
2021-06-19 00:25:24.577  INFO 18256 --- [main] org.hibernate.dialect.Dialect            : HHH000400: Using dialect: org.hibernate.dialect.MySQL57Dialect
2021-06-19 00:25:25.248  INFO 18256 --- [main] o.h.e.t.j.p.i.JtaPlatformInitiator       : HHH000490: Using JtaPlatform implementation: [org.hibernate.engine.transaction.jta.platform.internal.NoJtaPlatform]
2021-06-19 00:25:25.262  INFO 18256 --- [main] j.LocalContainerEntityManagerFactoryBean : Initialized JPA EntityManagerFactory for persistence unit 'default'
2021-06-19 00:25:25.972  WARN 18256 --- [main] JpaBaseConfiguration$JpaWebConfiguration : spring.jpa.open-in-view is enabled by default. Therefore, database queries may be performed during view rendering. Explicitly configure spring.jpa.open-in-view to disable this warning
2021-06-19 00:25:26.531  INFO 18256 --- [main] o.s.b.w.embedded.tomcat.TomcatWebServer  : Tomcat started on port(s): 3456 (http) with context path ''
2021-06-19 00:32:23.898  INFO 18256 --- [http-nio-3456-exec-1] o.a.c.c.C.[Tomcat].[localhost].[/]       : Initializing Spring DispatcherServlet 'dispatcherServlet'
2021-06-19 00:32:23.899  INFO 18256 --- [http-nio-3456-exec-1] o.s.web.servlet.DispatcherServlet        : Initializing Servlet 'dispatcherServlet'
2021-06-19 00:32:23.901  INFO 18256 --- [http-nio-3456-exec-1] o.s.web.servlet.DispatcherServlet        : Completed initialization in 2 ms
2021-06-19 16:03:41.166  INFO 4632 --- [main] .s.d.r.c.RepositoryConfigurationDelegate : Bootstrapping Spring Data JPA repositories in DEFAULT mode.
2021-06-19 16:03:41.703  INFO 4632 --- [main] .s.d.r.c.RepositoryConfigurationDelegate : Finished Spring Data repository scanning in 261 ms. Found 4 JPA repository interfaces.
2021-06-19 16:03:43.637  INFO 4632 --- [main] o.s.b.w.embedded.tomcat.TomcatWebServer  : Tomcat initialized with port(s): 3456 (http)
2021-06-19 16:03:43.701  INFO 4632 --- [main] o.apache.catalina.core.StandardService   : Starting service [Tomcat]
2021-06-19 16:03:43.702  INFO 4632 --- [main] org.apache.catalina.core.StandardEngine  : Starting Servlet engine: [Apache Tomcat/9.0.46]
2021-06-19 16:03:44.070  INFO 4632 --- [main] o.a.c.c.C.[Tomcat].[localhost].[/]       : Initializing Spring embedded WebApplicationContext
2021-06-19 16:03:44.071  INFO 4632 --- [main] w.s.c.ServletWebServerApplicationContext : Root WebApplicationContext: initialization completed in 5542 ms
2021-06-19 16:03:44.483  INFO 4632 --- [main] com.zaxxer.hikari.HikariDataSource       : HikariPool-1 - Starting...
2021-06-19 16:03:45.179  INFO 4632 --- [main] com.zaxxer.hikari.HikariDataSource       : HikariPool-1 - Start completed.
2021-06-19 16:03:45.805  INFO 4632 --- [main] o.hibernate.jpa.internal.util.LogHelper  : HHH000204: Processing PersistenceUnitInfo [name: default]
2021-06-19 16:03:46.190  INFO 4632 --- [main] org.hibernate.Version                    : HHH000412: Hibernate ORM core version 5.4.32.Final
2021-06-19 16:03:47.185  INFO 4632 --- [main] o.hibernate.annotations.common.Version   : HCANN000001: Hibernate Commons Annotations {5.1.2.Final}
2021-06-19 16:03:47.986  INFO 4632 --- [main] org.hibernate.dialect.Dialect            : HHH000400: Using dialect: org.hibernate.dialect.MySQL57Dialect
2021-06-19 16:03:49.782  INFO 4632 --- [main] o.h.e.t.j.p.i.JtaPlatformInitiator       : HHH000490: Using JtaPlatform implementation: [org.hibernate.engine.transaction.jta.platform.internal.NoJtaPlatform]
2021-06-19 16:03:49.813  INFO 4632 --- [main] j.LocalContainerEntityManagerFactoryBean : Initialized JPA EntityManagerFactory for persistence unit 'default'
2021-06-19 16:03:51.555  WARN 4632 --- [main] JpaBaseConfiguration$JpaWebConfiguration : spring.jpa.open-in-view is enabled by default. Therefore, database queries may be performed during view rendering. Explicitly configure spring.jpa.open-in-view to disable this warning
2021-06-19 16:03:52.783  INFO 4632 --- [main] o.s.b.w.embedded.tomcat.TomcatWebServer  : Tomcat started on port(s): 3456 (http) with context path ''
2021-06-19 16:04:00.435  INFO 4632 --- [http-nio-3456-exec-2] o.a.c.c.C.[Tomcat].[localhost].[/]       : Initializing Spring DispatcherServlet 'dispatcherServlet'
2021-06-19 16:04:00.437  INFO 4632 --- [http-nio-3456-exec-2] o.s.web.servlet.DispatcherServlet        : Initializing Servlet 'dispatcherServlet'
2021-06-19 16:04:00.439  INFO 4632 --- [http-nio-3456-exec-2] o.s.web.servlet.DispatcherServlet        : Completed initialization in 1 ms
2021-06-19 16:12:13.288 ERROR 4632 --- [http-nio-3456-exec-5] com.demo.api.CustomerAPI                 : Invalid emailId. Try Again with registered emailId.
2021-06-19 16:12:45.251 ERROR 4632 --- [http-nio-3456-exec-7] com.demo.api.CustomerAPI                 : Invalid emailId. Try Again with registered emailId.
2021-06-19 16:17:14.995  INFO 11176 --- [main] .s.d.r.c.RepositoryConfigurationDelegate : Bootstrapping Spring Data JPA repositories in DEFAULT mode.
2021-06-19 16:17:15.095  INFO 11176 --- [main] .s.d.r.c.RepositoryConfigurationDelegate : Finished Spring Data repository scanning in 82 ms. Found 4 JPA repository interfaces.
2021-06-19 16:17:15.910  INFO 11176 --- [main] o.s.b.w.embedded.tomcat.TomcatWebServer  : Tomcat initialized with port(s): 3456 (http)
2021-06-19 16:17:15.936  INFO 11176 --- [main] o.apache.catalina.core.StandardService   : Starting service [Tomcat]
2021-06-19 16:17:15.937  INFO 11176 --- [main] org.apache.catalina.core.StandardEngine  : Starting Servlet engine: [Apache Tomcat/9.0.46]
2021-06-19 16:17:16.215  INFO 11176 --- [main] o.a.c.c.C.[Tomcat].[localhost].[/]       : Initializing Spring embedded WebApplicationContext
2021-06-19 16:17:16.216  INFO 11176 --- [main] w.s.c.ServletWebServerApplicationContext : Root WebApplicationContext: initialization completed in 1920 ms
2021-06-19 16:17:16.475  INFO 11176 --- [main] com.zaxxer.hikari.HikariDataSource       : HikariPool-1 - Starting...
2021-06-19 16:17:16.880  INFO 11176 --- [main] com.zaxxer.hikari.HikariDataSource       : HikariPool-1 - Start completed.
2021-06-19 16:17:17.161  INFO 11176 --- [main] o.hibernate.jpa.internal.util.LogHelper  : HHH000204: Processing PersistenceUnitInfo [name: default]
2021-06-19 16:17:17.290  INFO 11176 --- [main] org.hibernate.Version                    : HHH000412: Hibernate ORM core version 5.4.32.Final
2021-06-19 16:17:17.654  INFO 11176 --- [main] o.hibernate.annotations.common.Version   : HCANN000001: Hibernate Commons Annotations {5.1.2.Final}
2021-06-19 16:17:17.937  INFO 11176 --- [main] org.hibernate.dialect.Dialect            : HHH000400: Using dialect: org.hibernate.dialect.MySQL57Dialect
2021-06-19 16:17:19.407  INFO 11176 --- [main] o.h.e.t.j.p.i.JtaPlatformInitiator       : HHH000490: Using JtaPlatform implementation: [org.hibernate.engine.transaction.jta.platform.internal.NoJtaPlatform]
2021-06-19 16:17:19.427  INFO 11176 --- [main] j.LocalContainerEntityManagerFactoryBean : Initialized JPA EntityManagerFactory for persistence unit 'default'
2021-06-19 16:17:20.652  WARN 11176 --- [main] JpaBaseConfiguration$JpaWebConfiguration : spring.jpa.open-in-view is enabled by default. Therefore, database queries may be performed during view rendering. Explicitly configure spring.jpa.open-in-view to disable this warning
2021-06-19 16:17:21.637  INFO 11176 --- [main] o.s.b.w.embedded.tomcat.TomcatWebServer  : Tomcat started on port(s): 3456 (http) with context path ''
2021-06-19 16:18:13.396  INFO 11176 --- [http-nio-3456-exec-2] o.a.c.c.C.[Tomcat].[localhost].[/]       : Initializing Spring DispatcherServlet 'dispatcherServlet'
2021-06-19 16:18:13.396  INFO 11176 --- [http-nio-3456-exec-2] o.s.web.servlet.DispatcherServlet        : Initializing Servlet 'dispatcherServlet'
2021-06-19 16:18:13.398  INFO 11176 --- [http-nio-3456-exec-2] o.s.web.servlet.DispatcherServlet        : Completed initialization in 1 ms
2021-06-19 16:19:44.869 ERROR 11176 --- [http-nio-3456-exec-5] com.demo.api.CustomerAPI                 : Invalid emailId. Try Again with registered emailId.
2021-06-19 16:45:46.725 ERROR 11176 --- [http-nio-3456-exec-7] com.demo.api.CustomerAPI                 : Invalid emailId. Try Again with registered emailId.
